<?xml version="1.0" encoding="utf-8"?><testsuites name="pytest tests"><testsuite name="pytest" errors="0" failures="0" skipped="0" tests="11" time="470.338" timestamp="2025-12-05T12:31:03.751624+05:30" hostname="suraksha-HP-ProBook-440-G7"><testcase classname="new_code.SOP.tests.test_sop_full_ddt" name="test_sop_full_flow_ddt[data0]" time="66.726" /><testcase classname="new_code.SOP.tests.test_sop_full_ddt" name="test_sop_full_flow_ddt[data1]" time="38.484" /><testcase classname="new_code.SOP.tests.test_sop_full_ddt" name="test_sop_full_flow_ddt[data2]" time="36.090" /><testcase classname="new_code.SOP.tests.test_sop_full_ddt" name="test_sop_full_flow_ddt[data3]" time="35.801" /><testcase classname="new_code.SOP.tests.test_sop_full_ddt" name="test_sop_full_flow_ddt[data4]" time="37.623" /><testcase classname="new_code.SOP.tests.test_sop_full_ddt" name="test_sop_full_flow_ddt[data5]" time="36.563" /><testcase classname="new_code.SOP.tests.test_sop_full_ddt" name="test_sop_full_flow_ddt[data6]" time="37.855" /><testcase classname="new_code.SOP.tests.test_sop_full_ddt" name="test_sop_full_flow_ddt[data7]" time="37.629" /><testcase classname="new_code.SOP.tests.test_sop_full_ddt" name="test_sop_full_flow_ddt[data8]" time="45.007" /><testcase classname="new_code.SOP.tests.test_sop_full_ddt" name="test_sop_full_flow_ddt[data9]" time="41.910" /><testcase classname="new_code.SOP.tests.test_sop_full_ddt" name="test_sop_full_flow_ddt[data10]" time="56.381" /></testsuite></testsuites>